<?xml version="1.0" encoding="UTF-8"?>
<!-- Generated by org.testng.reporters.JUnitReportReporter -->
<testsuite hostname="DESKTOP-7JM9SNF" failures="0" tests="1" name="com.login.LoginScenarios" time="54.456" errors="0" timestamp="2021-09-12T00:24:25 PKT" skipped="0">
  <testcase classname="com.login.LoginScenarios" name="LogoutTest" time="54.456"/>
  <system-out>
    <![CDATA[Landed on dashboard]]>
  </system-out>
</testsuite> <!-- com.login.LoginScenarios -->
