<?xml version="1.0" encoding="UTF-8"?>
<!-- Generated by org.testng.reporters.JUnitReportReporter -->
<testsuite hostname="DESKTOP-7JM9SNF" failures="0" tests="1" name="com.login.LoginScenarios" time="9.238" errors="0" timestamp="2021-09-10T23:58:34 PKT" skipped="0">
  <testcase classname="com.login.LoginScenarios" name="GoogleTest" time="9.238"/>
  <system-out/>
</testsuite> <!-- com.login.LoginScenarios -->
