<?xml version="1.0" encoding="UTF-8"?>
<!-- Generated by org.testng.reporters.JUnitReportReporter -->
<testsuite skipped="0" hostname="DESKTOP-7JM9SNF" name="com.login.LoginScenarios" tests="1" failures="0" timestamp="2021-09-13T11:25:01 PKT" time="5.242" errors="0">
  <testcase name="LoginTest" time="5.242" classname="com.login.LoginScenarios"/>
  <system-out/>
</testsuite> <!-- com.login.LoginScenarios -->
