<?xml version="1.0" encoding="UTF-8"?>
<!-- Generated by org.testng.reporters.JUnitReportReporter -->
<testsuite hostname="DESKTOP-7JM9SNF" failures="0" tests="2" name="com.login.LoginScenarios" time="32.768" errors="0" timestamp="2021-09-12T00:14:58 PKT" skipped="0">
  <testcase classname="com.login.LoginScenarios" name="LogoutTest" time="29.002"/>
  <system-out>
    <![CDATA[Landed on dashboard]]>
  </system-out>
  <testcase classname="com.login.LoginScenarios" name="LoginTest" time="3.766"/>
  <system-out/>
</testsuite> <!-- com.login.LoginScenarios -->
