<?xml version="1.0" encoding="UTF-8"?>
<!-- Generated by org.testng.reporters.JUnitReportReporter -->
<testsuite skipped="0" hostname="DESKTOP-7JM9SNF" name="com.login.LoginScenarios" tests="1" failures="0" timestamp="2021-09-11T13:17:43 PKT" time="9.374" errors="0">
  <testcase name="GoogleTest" time="9.374" classname="com.login.LoginScenarios"/>
  <system-out/>
</testsuite> <!-- com.login.LoginScenarios -->
