<?xml version="1.0" encoding="UTF-8"?>
<!-- Generated by org.testng.reporters.JUnitReportReporter -->
<testsuite hostname="DESKTOP-7JM9SNF" failures="0" tests="1" name="com.login.LoginScenarios" time="3.982" errors="0" timestamp="2021-09-17T12:16:43 PKT" skipped="0">
  <testcase classname="com.login.LoginScenarios" name="LoginTest" time="3.982"/>
  <system-out/>
</testsuite> <!-- com.login.LoginScenarios -->
